2020-06-12 19:46:32 [-][-][-][error][yii\console\Exception] yii\console\Exception: This DB file allready exists in D:\Work\OSPanel\domains\cms.loc\console\controllers\SpeedrunnerController.php:58
Stack trace:
#0 [internal function]: console\controllers\SpeedrunnerController->actionDbExport('D:\\Work\\OSPanel...')
#1 D:\Work\OSPanel\domains\cms.loc\vendor\yiisoft\yii2\base\InlineAction.php(57): call_user_func_array(Array, Array)
#2 D:\Work\OSPanel\domains\cms.loc\vendor\yiisoft\yii2\base\Controller.php(157): yii\base\InlineAction->runWithParams(Array)
#3 D:\Work\OSPanel\domains\cms.loc\vendor\yiisoft\yii2\console\Controller.php(164): yii\base\Controller->runAction('db-export', Array)
#4 D:\Work\OSPanel\domains\cms.loc\vendor\yiisoft\yii2\base\Module.php(528): yii\console\Controller->runAction('db-export', Array)
#5 D:\Work\OSPanel\domains\cms.loc\vendor\yiisoft\yii2\console\Application.php(180): yii\base\Module->runAction('speedrunner/db-...', Array)
#6 D:\Work\OSPanel\domains\cms.loc\vendor\yiisoft\yii2\console\Application.php(147): yii\console\Application->runAction('speedrunner/db-...', Array)
#7 D:\Work\OSPanel\domains\cms.loc\vendor\yiisoft\yii2\base\Application.php(386): yii\console\Application->handleRequest(Object(yii\console\Request))
#8 D:\Work\OSPanel\domains\cms.loc\yii(23): yii\base\Application->run()
#9 {main}
2020-06-12 19:46:32 [-][-][-][info][application] $_GET = []

$_POST = []

$_FILES = []

$_COOKIE = []

$_SERVER = [
    'ALLUSERSPROFILE' => 'C:\\ProgramData'
    'ANSICON' => '110x32766 (110x25)'
    'ANSICON_DEF' => '7'
    'APPDATA' => 'C:\\Users\\DELL\\AppData\\Roaming'
    'CommonProgramFiles' => 'C:\\Program Files (x86)\\Common Files'
    'CommonProgramFiles(x86)' => 'C:\\Program Files (x86)\\Common Files'
    'CommonProgramW6432' => 'C:\\Program Files\\Common Files'
    'COMPUTERNAME' => 'DESKTOP-CRABGQP'
    'ComSpec' => 'C:\\Windows\\system32\\cmd.exe'
    'ConEmuANSI' => 'ON'
    'ConEmuAnsiLog' => ''
    'ConEmuArgs' => '/Single'
    'ConEmuArgs2' => ''
    'ConEmuBackHWND' => '0x00CA07FA'
    'ConEmuBaseDir' => 'D:\\work\\ospanel\\modules\\conemu\\ConEmu'
    'ConEmuBaseDirShort' => 'D:\\Work\\OSPanel\\modules\\conemu\\ConEmu'
    'ConEmuBuild' => '171109'
    'ConEmuCfgDir' => 'D:\\work\\ospanel\\modules\\conemu'
    'ConEmuConfig' => ''
    'ConEmuDir' => 'D:\\work\\ospanel\\modules\\conemu'
    'ConEmuDrawHWND' => '0x0168078E'
    'ConEmuDrive' => 'D:'
    'ConEmuHooks' => 'Enabled'
    'ConEmuHWND' => '0x003208EA'
    'ConEmuPalette' => '<ConEmu>'
    'ConEmuPID' => '12448'
    'ConEmuPrompt0' => '$E[m$E[32m$E]9;8;\"USERNAME\"$E\\@$E]9;8;\"COMPUTERNAME\"$E\\$S'
    'ConEmuPrompt1' => '$E[m$E[32m$E]9;8;\"USERNAME\"$E\\@$E]9;8;\"COMPUTERNAME\"$E\\$S$E[92m$P$E[90m'
    'ConEmuPrompt2' => '$_$E[90m$G'
    'ConEmuPrompt3' => '$E[m$S$E]9;12$E\\'
    'ConEmuServerPID' => '6476'
    'ConEmuTask' => '{Shells::cmd}'
    'ConEmuWorkDir' => 'd:\\work\\ospanel'
    'ConEmuWorkDrive' => 'd:'
    'HOME' => 'd:\\work\\ospanel'
    'HOMEDRIVE' => 'd:'
    'HOMEPATH' => '\\work\\ospanel'
    'LOCALAPPDATA' => 'C:\\Users\\DELL\\AppData\\Local'
    'LOGONSERVER' => '\\\\DESKTOP-CRABGQP'
    'NUMBER_OF_PROCESSORS' => '4'
    'OneDrive' => 'C:\\Users\\DELL\\OneDrive'
    'OPENSSL_CONF' => 'd:\\work\\ospanel\\modules\\http\\Apache-PHP-7\\conf\\openssl.cnf'
    'OS' => 'Windows_NT'
    'Path' => 'D:\\work\\ospanel\\modules\\conemu\\ConEmu\\Scripts;D:\\work\\ospanel\\modules\\conemu;D:\\work\\ospanel\\modules\\conemu\\ConEmu;d:\\work\\ospanel\\modules\\php\\PHP-7.0\\ext;d:\\work\\ospanel\\modules\\php\\PHP-7.0\\pear;d:\\work\\ospanel\\modules\\php\\PHP-7.0\\pear\\bin;d:\\work\\ospanel\\modules\\php\\PHP-7.0;d:\\work\\ospanel\\modules\\wget\\bin;d:\\work\\ospanel\\modules\\database\\MySQL-5.6\\bin;d:\\work\\ospanel\\modules\\http\\Apache-PHP-7\\bin;d:\\work\\ospanel\\modules\\http\\Apache-PHP-7;C:\\Windows\\system32;C:\\Windows;C:\\Windows\\system32\\Wbem;C:\\Windows\\SysWOW64;C:\\Program Files\\nodejs\\;C:\\Program Files (x86)\\Common Files\\Oracle\\Java\\javapath;C:\\Program Files (x86)\\NVIDIA Corporation\\PhysX\\Common;C:\\Windows\\system32;C:\\Windows;C:\\Windows\\System32\\Wbem;C:\\Windows\\System32\\WindowsPowerShell\\v1.0\\;D:\\Work\\Brackets\\command;C:\\Python27;C:\\Program Files\\nodejs\\;D:\\Work\\Putty\\;C:\\Users\\DELL\\AppData\\Local\\Microsoft\\WindowsApps;C:\\Users\\DELL\\AppData\\Roaming\\npm;C:\\Users\\DELL\\AppData\\Local\\atom\\bin;C:\\Users\\DELL\\AppData\\Local\\GitHubDesktop\\bin'
    'PATHEXT' => '.COM;.EXE;.BAT;.CMD;.VBS;.VBE;.JS;.JSE;.WSF;.WSH;.MSC'
    'PHPBIN' => 'd:\\work\\ospanel\\modules\\php\\PHP-7.0\\php.exe'
    'PHPDIR' => 'd:\\work\\ospanel\\modules\\php\\PHP-7.0\\'
    'PHPRC' => 'd:\\work\\ospanel\\modules\\php\\PHP-7.0'
    'PHP_BIN' => 'd:\\work\\ospanel\\modules\\php\\PHP-7.0\\php.exe'
    'PHP_BINARY' => 'd:\\work\\ospanel\\modules\\php\\PHP-7.0\\php.exe'
    'PHP_BINDIR' => 'd:\\work\\ospanel\\modules\\php\\PHP-7.0\\'
    'PHP_COMMAND' => 'php.exe'
    'PHP_DIR' => 'd:\\work\\ospanel\\modules\\php\\PHP-7.0\\'
    'PHP_INI' => 'd:\\work\\ospanel\\modules\\php\\PHP-7.0\\php.ini'
    'PHP_PEAR_BIN_DIR' => 'd:\\work\\ospanel\\modules\\php\\PHP-7.0\\PEAR'
    'PHP_PEAR_DATA_DIR' => 'd:\\work\\ospanel\\modules\\php\\PHP-7.0\\PEAR\\data'
    'PHP_PEAR_DOC_DIR' => 'd:\\work\\ospanel\\modules\\php\\PHP-7.0\\PEAR\\docs'
    'PHP_PEAR_INSTALL_DIR' => 'd:\\work\\ospanel\\modules\\php\\PHP-7.0\\PEAR\\pear'
    'PHP_PEAR_PHP_BIN' => 'd:\\work\\ospanel\\modules\\php\\PHP-7.0\\php.exe'
    'PHP_PEAR_SYSCONF_DIR' => 'd:\\work\\ospanel\\modules\\php\\PHP-7.0\\PEAR'
    'PHP_PEAR_TEST_DIR' => 'd:\\work\\ospanel\\modules\\php\\PHP-7.0\\PEAR\\tests'
    'PROCESSOR_ARCHITECTURE' => 'x86'
    'PROCESSOR_ARCHITEW6432' => 'AMD64'
    'PROCESSOR_IDENTIFIER' => 'Intel64 Family 6 Model 142 Stepping 9, GenuineIntel'
    'PROCESSOR_LEVEL' => '6'
    'PROCESSOR_REVISION' => '8e09'
    'ProgramData' => 'C:\\ProgramData'
    'ProgramFiles' => 'C:\\Program Files (x86)'
    'ProgramFiles(x86)' => 'C:\\Program Files (x86)'
    'ProgramW6432' => 'C:\\Program Files'
    'PROMPT' => '$E[m$E[32m$E]9;8;\"USERNAME\"$E\\@$E]9;8;\"COMPUTERNAME\"$E\\$S$E[92m$P$E[90m$_$E[90m$G$E[m$S$E]9;12$E\\'
    'PSModulePath' => 'C:\\Program Files\\WindowsPowerShell\\Modules;C:\\Windows\\system32\\WindowsPowerShell\\v1.0\\Modules'
    'PUBLIC' => 'C:\\Users\\Public'
    'SESSIONNAME' => 'Console'
    'SystemDrive' => 'C:'
    'SystemRoot' => 'C:\\Windows'
    'TEMP' => 'd:\\work\\ospanel\\userdata\\temp'
    'TMP' => 'd:\\work\\ospanel\\userdata\\temp'
    'ULTRAMON_LANGDIR' => 'C:\\Program Files\\UltraMon\\Resources\\en'
    'USERDOMAIN' => 'DESKTOP-CRABGQP'
    'USERDOMAIN_ROAMINGPROFILE' => 'DESKTOP-CRABGQP'
    'USERNAME' => 'DELL'
    'USERPROFILE' => 'C:\\Users\\DELL'
    'windir' => 'C:\\Windows'
    'YII_PATH' => 'd:\\Work\\OSPanel\\domains\\cms.loc\\'
    'PHP_SELF' => 'd:\\Work\\OSPanel\\domains\\cms.loc\\yii'
    'SCRIPT_NAME' => 'd:\\Work\\OSPanel\\domains\\cms.loc\\yii'
    'SCRIPT_FILENAME' => 'd:\\Work\\OSPanel\\domains\\cms.loc\\yii'
    'PATH_TRANSLATED' => 'd:\\Work\\OSPanel\\domains\\cms.loc\\yii'
    'DOCUMENT_ROOT' => ''
    'REQUEST_TIME_FLOAT' => 1591991192.4352
    'REQUEST_TIME' => 1591991192
    'argv' => [
        0 => 'd:\\Work\\OSPanel\\domains\\cms.loc\\yii'
        1 => 'speedrunner/db-export'
        2 => 'main.sql'
    ]
    'argc' => 3
]
2020-06-13 21:24:15 [-][-][-][error][yii\console\UnknownCommandException] yii\base\InvalidRouteException: Unable to resolve the request: speedrunner/db/export in D:\Work\OpenServer\domains\sr-cms.loc\vendor\yiisoft\yii2\base\Controller.php:128
Stack trace:
#0 D:\Work\OpenServer\domains\sr-cms.loc\vendor\yiisoft\yii2\console\Controller.php(164): yii\base\Controller->runAction('export', Array)
#1 D:\Work\OpenServer\domains\sr-cms.loc\vendor\yiisoft\yii2\base\Module.php(528): yii\console\Controller->runAction('export', Array)
#2 D:\Work\OpenServer\domains\sr-cms.loc\vendor\yiisoft\yii2\console\Application.php(180): yii\base\Module->runAction('speedrunner/db/...', Array)
#3 D:\Work\OpenServer\domains\sr-cms.loc\vendor\yiisoft\yii2\console\Application.php(147): yii\console\Application->runAction('speedrunner/db/...', Array)
#4 D:\Work\OpenServer\domains\sr-cms.loc\vendor\yiisoft\yii2\base\Application.php(386): yii\console\Application->handleRequest(Object(yii\console\Request))
#5 D:\Work\OpenServer\domains\sr-cms.loc\yii(23): yii\base\Application->run()
#6 {main}

Next yii\console\UnknownCommandException: Unknown command "speedrunner/db/export". in D:\Work\OpenServer\domains\sr-cms.loc\vendor\yiisoft\yii2\console\Application.php:183
Stack trace:
#0 D:\Work\OpenServer\domains\sr-cms.loc\vendor\yiisoft\yii2\console\Application.php(147): yii\console\Application->runAction('speedrunner/db/...', Array)
#1 D:\Work\OpenServer\domains\sr-cms.loc\vendor\yiisoft\yii2\base\Application.php(386): yii\console\Application->handleRequest(Object(yii\console\Request))
#2 D:\Work\OpenServer\domains\sr-cms.loc\yii(23): yii\base\Application->run()
#3 {main}
2020-06-13 21:24:15 [-][-][-][info][application] $_GET = []

$_POST = []

$_FILES = []

$_COOKIE = []

$_SERVER = [
    'ALLUSERSPROFILE' => 'C:\\ProgramData'
    'ANSICON' => '105x32766 (105x28)'
    'ANSICON_DEF' => '7'
    'APPDATA' => 'C:\\Users\\DELL\\AppData\\Roaming'
    'CommonProgramFiles' => 'C:\\Program Files\\Common Files'
    'CommonProgramFiles(x86)' => 'C:\\Program Files (x86)\\Common Files'
    'CommonProgramW6432' => 'C:\\Program Files\\Common Files'
    'COMPUTERNAME' => 'DESKTOP-CRABGQP'
    'ComSpec' => 'C:\\Windows\\system32\\cmd.exe'
    'ConEmuANSI' => 'ON'
    'ConEmuAnsiLog' => ''
    'ConEmuArgs' => '/Single'
    'ConEmuArgs2' => ''
    'ConEmuBackHWND' => '0x02680562'
    'ConEmuBaseDir' => 'D:\\work\\openserver\\modules\\conemu\\ConEmu'
    'ConEmuBaseDirShort' => 'D:\\Work\\OpenServer\\modules\\conemu\\ConEmu'
    'ConEmuBuild' => '191012'
    'ConEmuCfgDir' => 'D:\\work\\openserver\\modules\\conemu'
    'ConEmuConfig' => ''
    'ConEmuDir' => 'D:\\work\\openserver\\modules\\conemu'
    'ConEmuDrawHWND' => '0x011D07D8'
    'ConEmuDrive' => 'D:'
    'ConEmuHooks' => 'Enabled'
    'ConEmuHWND' => '0x002B0572'
    'ConEmuPalette' => 'OSPanel'
    'ConEmuPID' => '10120'
    'ConEmuServerPID' => '1512'
    'ConEmuTask' => '{Shells::cmd}'
    'ConEmuWorkDir' => 'd:\\work\\openserver'
    'ConEmuWorkDrive' => 'd:'
    'HOME' => 'd:\\work\\openserver'
    'HOMEDRIVE' => 'd:'
    'HOMEPATH' => '\\work\\openserver'
    'LOCALAPPDATA' => 'C:\\Users\\DELL\\AppData\\Local'
    'LOGONSERVER' => '\\\\DESKTOP-CRABGQP'
    'NUMBER_OF_PROCESSORS' => '4'
    'OneDrive' => 'C:\\Users\\DELL\\OneDrive'
    'OPENSSL_CONF' => 'd:\\work\\openserver\\modules\\http\\Apache_2.4-PHP_7.0-7.1\\conf\\openssl.cnf'
    'OS' => 'Windows_NT'
    'Path' => 'D:\\work\\openserver\\modules\\conemu\\ConEmu\\Scripts;D:\\work\\openserver\\modules\\conemu;D:\\work\\openserver\\modules\\conemu\\ConEmu;d:\\work\\openserver\\modules\\php\\PHP_7.1\\ext;d:\\work\\openserver\\modules\\php\\PHP_7.1\\pear;d:\\work\\openserver\\modules\\php\\PHP_7.1\\pear\\bin;d:\\work\\openserver\\modules\\php\\PHP_7.1;d:\\work\\openserver\\modules\\wget\\bin;d:\\work\\openserver\\modules\\database\\MySQL-5.7\\bin;d:\\work\\openserver\\modules\\database\\PostgreSQL-10.12\\bin;d:\\work\\openserver\\modules\\database\\PostgreSQL-10.12\\lib;d:\\work\\openserver\\modules\\http\\Apache_2.4-PHP_7.0-7.1\\bin;d:\\work\\openserver\\modules\\http\\Apache_2.4-PHP_7.0-7.1;C:\\Windows\\system32;C:\\Windows;C:\\Windows\\system32\\Wbem;C:\\Windows\\SysWOW64'
    'PATHEXT' => '.COM;.EXE;.BAT;.CMD;.VBS;.VBE;.JS;.JSE;.WSF;.WSH;.MSC'
    'PHPBIN' => 'd:\\work\\openserver\\modules\\php\\PHP_7.1\\php.exe'
    'PHPDIR' => 'd:\\work\\openserver\\modules\\php\\PHP_7.1\\'
    'PHPRC' => 'd:\\work\\openserver\\modules\\php\\PHP_7.1'
    'PHP_BIN' => 'd:\\work\\openserver\\modules\\php\\PHP_7.1\\php.exe'
    'PHP_BINARY' => 'd:\\work\\openserver\\modules\\php\\PHP_7.1\\php.exe'
    'PHP_BINDIR' => 'd:\\work\\openserver\\modules\\php\\PHP_7.1\\'
    'PHP_COMMAND' => 'php.exe'
    'PHP_DIR' => 'd:\\work\\openserver\\modules\\php\\PHP_7.1\\'
    'PHP_INI' => 'd:\\work\\openserver\\modules\\php\\PHP_7.1\\php.ini'
    'PHP_PEAR_BIN_DIR' => 'd:\\work\\openserver\\modules\\php\\PHP_7.1\\PEAR'
    'PHP_PEAR_DATA_DIR' => 'd:\\work\\openserver\\modules\\php\\PHP_7.1\\PEAR\\data'
    'PHP_PEAR_DOC_DIR' => 'd:\\work\\openserver\\modules\\php\\PHP_7.1\\PEAR\\docs'
    'PHP_PEAR_INSTALL_DIR' => 'd:\\work\\openserver\\modules\\php\\PHP_7.1\\PEAR\\pear'
    'PHP_PEAR_PHP_BIN' => 'd:\\work\\openserver\\modules\\php\\PHP_7.1\\php.exe'
    'PHP_PEAR_SYSCONF_DIR' => 'd:\\work\\openserver\\modules\\php\\PHP_7.1\\PEAR'
    'PHP_PEAR_TEST_DIR' => 'd:\\work\\openserver\\modules\\php\\PHP_7.1\\PEAR\\tests'
    'PROCESSOR_ARCHITECTURE' => 'AMD64'
    'PROCESSOR_IDENTIFIER' => 'Intel64 Family 6 Model 142 Stepping 9, GenuineIntel'
    'PROCESSOR_LEVEL' => '6'
    'PROCESSOR_REVISION' => '8e09'
    'ProgramData' => 'C:\\ProgramData'
    'ProgramFiles' => 'C:\\Program Files'
    'ProgramFiles(x86)' => 'C:\\Program Files (x86)'
    'ProgramW6432' => 'C:\\Program Files'
    'PROMPT' => '$E[m$E[32m$E]9;8;\"USERNAME\"$E\\@$E]9;8;\"COMPUTERNAME\"$E\\$S$E[92m$P$E[90m$_$E[90m$$$E[m$S$E]9;12$E\\'
    'PSModulePath' => 'C:\\Program Files\\WindowsPowerShell\\Modules;C:\\Windows\\system32\\WindowsPowerShell\\v1.0\\Modules'
    'PUBLIC' => 'C:\\Users\\Public'
    'SESSIONNAME' => 'Console'
    'SystemDrive' => 'C:'
    'SystemRoot' => 'C:\\Windows'
    'TEMP' => 'd:\\work\\openserver\\userdata\\temp'
    'TMP' => 'd:\\work\\openserver\\userdata\\temp'
    'ULTRAMON_LANGDIR' => 'C:\\Program Files\\UltraMon\\Resources\\en'
    'USERDOMAIN' => 'DESKTOP-CRABGQP'
    'USERDOMAIN_ROAMINGPROFILE' => 'DESKTOP-CRABGQP'
    'USERNAME' => 'DELL'
    'USERPROFILE' => 'C:\\Users\\DELL'
    'windir' => 'C:\\Windows'
    'YII_PATH' => 'd:\\Work\\OpenServer\\domains\\sr-cms.loc\\'
    '__COMPAT_LAYER' => 'DetectorsWin8'
    'PHP_SELF' => 'd:\\Work\\OpenServer\\domains\\sr-cms.loc\\yii'
    'SCRIPT_NAME' => 'd:\\Work\\OpenServer\\domains\\sr-cms.loc\\yii'
    'SCRIPT_FILENAME' => 'd:\\Work\\OpenServer\\domains\\sr-cms.loc\\yii'
    'PATH_TRANSLATED' => 'd:\\Work\\OpenServer\\domains\\sr-cms.loc\\yii'
    'DOCUMENT_ROOT' => ''
    'REQUEST_TIME_FLOAT' => 1592083455.1275
    'REQUEST_TIME' => 1592083455
    'argv' => [
        0 => 'd:\\Work\\OpenServer\\domains\\sr-cms.loc\\yii'
        1 => 'speedrunner/db/export'
        2 => 'main.sql'
    ]
    'argc' => 3
]
2020-06-20 20:04:49 [-][-][-][error][yii\console\Exception] yii\console\Exception: Missing required arguments: file in D:\Work\OpenServer\domains\sr-cms.loc\vendor\yiisoft\yii2\console\Controller.php:202
Stack trace:
#0 D:\Work\OpenServer\domains\sr-cms.loc\vendor\yiisoft\yii2\base\InlineAction.php(51): yii\console\Controller->bindActionParams(Object(yii\base\InlineAction), Array)
#1 D:\Work\OpenServer\domains\sr-cms.loc\vendor\yiisoft\yii2\base\Controller.php(157): yii\base\InlineAction->runWithParams(Array)
#2 D:\Work\OpenServer\domains\sr-cms.loc\vendor\yiisoft\yii2\console\Controller.php(164): yii\base\Controller->runAction('export', Array)
#3 D:\Work\OpenServer\domains\sr-cms.loc\vendor\yiisoft\yii2\base\Module.php(528): yii\console\Controller->runAction('export', Array)
#4 D:\Work\OpenServer\domains\sr-cms.loc\vendor\yiisoft\yii2\console\Application.php(180): yii\base\Module->runAction('speedrunner/db/...', Array)
#5 D:\Work\OpenServer\domains\sr-cms.loc\vendor\yiisoft\yii2\console\Application.php(147): yii\console\Application->runAction('speedrunner/db/...', Array)
#6 D:\Work\OpenServer\domains\sr-cms.loc\vendor\yiisoft\yii2\base\Application.php(386): yii\console\Application->handleRequest(Object(yii\console\Request))
#7 D:\Work\OpenServer\domains\sr-cms.loc\yii(23): yii\base\Application->run()
#8 {main}
2020-06-20 20:04:49 [-][-][-][info][application] $_GET = []

$_POST = []

$_FILES = []

$_COOKIE = []

$_SERVER = [
    'ALLUSERSPROFILE' => 'C:\\ProgramData'
    'ANSICON' => '105x32766 (105x28)'
    'ANSICON_DEF' => '7'
    'APPDATA' => 'C:\\Users\\DELL\\AppData\\Roaming'
    'CommonProgramFiles' => 'C:\\Program Files\\Common Files'
    'CommonProgramFiles(x86)' => 'C:\\Program Files (x86)\\Common Files'
    'CommonProgramW6432' => 'C:\\Program Files\\Common Files'
    'COMPUTERNAME' => 'DESKTOP-CRABGQP'
    'ComSpec' => 'C:\\Windows\\system32\\cmd.exe'
    'ConEmuANSI' => 'ON'
    'ConEmuAnsiLog' => ''
    'ConEmuArgs' => '/Single'
    'ConEmuArgs2' => ''
    'ConEmuBackHWND' => '0x016605A2'
    'ConEmuBaseDir' => 'D:\\work\\openserver\\modules\\conemu\\ConEmu'
    'ConEmuBaseDirShort' => 'D:\\Work\\OpenServer\\modules\\conemu\\ConEmu'
    'ConEmuBuild' => '191012'
    'ConEmuCfgDir' => 'D:\\work\\openserver\\modules\\conemu'
    'ConEmuConfig' => ''
    'ConEmuDir' => 'D:\\work\\openserver\\modules\\conemu'
    'ConEmuDrawHWND' => '0x005A00BC'
    'ConEmuDrive' => 'D:'
    'ConEmuHooks' => 'Enabled'
    'ConEmuHWND' => '0x016301DA'
    'ConEmuPalette' => 'OSPanel'
    'ConEmuPID' => '11344'
    'ConEmuServerPID' => '14892'
    'ConEmuTask' => '{Shells::cmd}'
    'ConEmuWorkDir' => 'd:\\work\\openserver'
    'ConEmuWorkDrive' => 'd:'
    'HOME' => 'd:\\work\\openserver'
    'HOMEDRIVE' => 'd:'
    'HOMEPATH' => '\\work\\openserver'
    'LOCALAPPDATA' => 'C:\\Users\\DELL\\AppData\\Local'
    'LOGONSERVER' => '\\\\DESKTOP-CRABGQP'
    'NUMBER_OF_PROCESSORS' => '4'
    'OneDrive' => 'C:\\Users\\DELL\\OneDrive'
    'OPENSSL_CONF' => 'd:\\work\\openserver\\modules\\http\\Apache_2.4-PHP_7.0-7.1\\conf\\openssl.cnf'
    'OS' => 'Windows_NT'
    'Path' => 'D:\\work\\openserver\\modules\\conemu\\ConEmu\\Scripts;D:\\work\\openserver\\modules\\conemu;D:\\work\\openserver\\modules\\conemu\\ConEmu;d:\\work\\openserver\\modules\\php\\PHP_7.1\\ext;d:\\work\\openserver\\modules\\php\\PHP_7.1\\pear;d:\\work\\openserver\\modules\\php\\PHP_7.1\\pear\\bin;d:\\work\\openserver\\modules\\php\\PHP_7.1;d:\\work\\openserver\\modules\\wget\\bin;d:\\work\\openserver\\modules\\database\\MySQL-5.7\\bin;d:\\work\\openserver\\modules\\http\\Apache_2.4-PHP_7.0-7.1\\bin;d:\\work\\openserver\\modules\\http\\Apache_2.4-PHP_7.0-7.1;C:\\Windows\\system32;C:\\Windows;C:\\Windows\\system32\\Wbem;C:\\Windows\\SysWOW64'
    'PATHEXT' => '.COM;.EXE;.BAT;.CMD;.VBS;.VBE;.JS;.JSE;.WSF;.WSH;.MSC'
    'PHPBIN' => 'd:\\work\\openserver\\modules\\php\\PHP_7.1\\php.exe'
    'PHPDIR' => 'd:\\work\\openserver\\modules\\php\\PHP_7.1\\'
    'PHPRC' => 'd:\\work\\openserver\\modules\\php\\PHP_7.1'
    'PHP_BIN' => 'd:\\work\\openserver\\modules\\php\\PHP_7.1\\php.exe'
    'PHP_BINARY' => 'd:\\work\\openserver\\modules\\php\\PHP_7.1\\php.exe'
    'PHP_BINDIR' => 'd:\\work\\openserver\\modules\\php\\PHP_7.1\\'
    'PHP_COMMAND' => 'php.exe'
    'PHP_DIR' => 'd:\\work\\openserver\\modules\\php\\PHP_7.1\\'
    'PHP_INI' => 'd:\\work\\openserver\\modules\\php\\PHP_7.1\\php.ini'
    'PHP_PEAR_BIN_DIR' => 'd:\\work\\openserver\\modules\\php\\PHP_7.1\\PEAR'
    'PHP_PEAR_DATA_DIR' => 'd:\\work\\openserver\\modules\\php\\PHP_7.1\\PEAR\\data'
    'PHP_PEAR_DOC_DIR' => 'd:\\work\\openserver\\modules\\php\\PHP_7.1\\PEAR\\docs'
    'PHP_PEAR_INSTALL_DIR' => 'd:\\work\\openserver\\modules\\php\\PHP_7.1\\PEAR\\pear'
    'PHP_PEAR_PHP_BIN' => 'd:\\work\\openserver\\modules\\php\\PHP_7.1\\php.exe'
    'PHP_PEAR_SYSCONF_DIR' => 'd:\\work\\openserver\\modules\\php\\PHP_7.1\\PEAR'
    'PHP_PEAR_TEST_DIR' => 'd:\\work\\openserver\\modules\\php\\PHP_7.1\\PEAR\\tests'
    'PROCESSOR_ARCHITECTURE' => 'AMD64'
    'PROCESSOR_IDENTIFIER' => 'Intel64 Family 6 Model 142 Stepping 9, GenuineIntel'
    'PROCESSOR_LEVEL' => '6'
    'PROCESSOR_REVISION' => '8e09'
    'ProgramData' => 'C:\\ProgramData'
    'ProgramFiles' => 'C:\\Program Files'
    'ProgramFiles(x86)' => 'C:\\Program Files (x86)'
    'ProgramW6432' => 'C:\\Program Files'
    'PROMPT' => '$E[m$E[32m$E]9;8;\"USERNAME\"$E\\@$E]9;8;\"COMPUTERNAME\"$E\\$S$E[92m$P$E[90m$_$E[90m$$$E[m$S$E]9;12$E\\'
    'PSModulePath' => 'C:\\Program Files\\WindowsPowerShell\\Modules;C:\\Windows\\system32\\WindowsPowerShell\\v1.0\\Modules'
    'PUBLIC' => 'C:\\Users\\Public'
    'SESSIONNAME' => 'Console'
    'SystemDrive' => 'C:'
    'SystemRoot' => 'C:\\Windows'
    'TEMP' => 'd:\\work\\openserver\\userdata\\temp'
    'TMP' => 'd:\\work\\openserver\\userdata\\temp'
    'ULTRAMON_LANGDIR' => 'C:\\Program Files\\UltraMon\\Resources\\en'
    'USERDOMAIN' => 'DESKTOP-CRABGQP'
    'USERDOMAIN_ROAMINGPROFILE' => 'DESKTOP-CRABGQP'
    'USERNAME' => 'DELL'
    'USERPROFILE' => 'C:\\Users\\DELL'
    'windir' => 'C:\\Windows'
    'YII_PATH' => 'd:\\Work\\OpenServer\\domains\\sr-cms.loc\\'
    'PHP_SELF' => 'd:\\Work\\OpenServer\\domains\\sr-cms.loc\\yii'
    'SCRIPT_NAME' => 'd:\\Work\\OpenServer\\domains\\sr-cms.loc\\yii'
    'SCRIPT_FILENAME' => 'd:\\Work\\OpenServer\\domains\\sr-cms.loc\\yii'
    'PATH_TRANSLATED' => 'd:\\Work\\OpenServer\\domains\\sr-cms.loc\\yii'
    'DOCUMENT_ROOT' => ''
    'REQUEST_TIME_FLOAT' => 1592683489.4163
    'REQUEST_TIME' => 1592683489
    'argv' => [
        0 => 'd:\\Work\\OpenServer\\domains\\sr-cms.loc\\yii'
        1 => 'speedrunner/db/export'
    ]
    'argc' => 2
]
